c:\users\pc\desktop\of_v0.11.2_vs2017_release\of_v0.11.2_vs2017_release\apps\myapps\drawtri\obj\win32\debug\src\ofxwinmenu.obj
c:\users\pc\desktop\of_v0.11.2_vs2017_release\of_v0.11.2_vs2017_release\apps\myapps\drawtri\obj\win32\debug\src\triheap.obj
c:\users\pc\desktop\of_v0.11.2_vs2017_release\of_v0.11.2_vs2017_release\apps\myapps\drawtri\obj\win32\debug\src\ofapp.obj
c:\users\pc\desktop\of_v0.11.2_vs2017_release\of_v0.11.2_vs2017_release\apps\myapps\drawtri\obj\win32\debug\src\tri.obj
c:\users\pc\desktop\of_v0.11.2_vs2017_release\of_v0.11.2_vs2017_release\apps\myapps\drawtri\obj\win32\debug\src\main.obj
c:\users\pc\desktop\of_v0.11.2_vs2017_release\of_v0.11.2_vs2017_release\apps\myapps\drawtri\obj\win32\debug\vc141.pdb
c:\users\pc\desktop\of_v0.11.2_vs2017_release\of_v0.11.2_vs2017_release\apps\myapps\drawtri\bin\drawtri_debug.lib
c:\users\pc\desktop\of_v0.11.2_vs2017_release\of_v0.11.2_vs2017_release\apps\myapps\drawtri\bin\drawtri_debug.exp
c:\users\pc\desktop\of_v0.11.2_vs2017_release\of_v0.11.2_vs2017_release\apps\myapps\drawtri\bin\drawtri_debug.ilk
c:\users\pc\desktop\of_v0.11.2_vs2017_release\of_v0.11.2_vs2017_release\apps\myapps\drawtri\bin\drawtri_debug.exe
c:\users\pc\desktop\of_v0.11.2_vs2017_release\of_v0.11.2_vs2017_release\apps\myapps\drawtri\bin\drawtri_debug.pdb
c:\users\pc\desktop\of_v0.11.2_vs2017_release\of_v0.11.2_vs2017_release\apps\myapps\drawtri\obj\win32\debug\icon.res
c:\users\pc\desktop\of_v0.11.2_vs2017_release\of_v0.11.2_vs2017_release\apps\myapps\drawtri\obj\win32\debug\drawtri.tlog\cl.14084.write.1.tlog
c:\users\pc\desktop\of_v0.11.2_vs2017_release\of_v0.11.2_vs2017_release\apps\myapps\drawtri\obj\win32\debug\drawtri.tlog\cl.command.1.tlog
c:\users\pc\desktop\of_v0.11.2_vs2017_release\of_v0.11.2_vs2017_release\apps\myapps\drawtri\obj\win32\debug\drawtri.tlog\cl.read.1.tlog
c:\users\pc\desktop\of_v0.11.2_vs2017_release\of_v0.11.2_vs2017_release\apps\myapps\drawtri\obj\win32\debug\drawtri.tlog\drawtri.write.1u.tlog
c:\users\pc\desktop\of_v0.11.2_vs2017_release\of_v0.11.2_vs2017_release\apps\myapps\drawtri\obj\win32\debug\drawtri.tlog\link.command.1.tlog
c:\users\pc\desktop\of_v0.11.2_vs2017_release\of_v0.11.2_vs2017_release\apps\myapps\drawtri\obj\win32\debug\drawtri.tlog\link.read.1.tlog
c:\users\pc\desktop\of_v0.11.2_vs2017_release\of_v0.11.2_vs2017_release\apps\myapps\drawtri\obj\win32\debug\drawtri.tlog\link.write.1.tlog
c:\users\pc\desktop\of_v0.11.2_vs2017_release\of_v0.11.2_vs2017_release\apps\myapps\drawtri\obj\win32\debug\drawtri.tlog\rc.command.1.tlog
c:\users\pc\desktop\of_v0.11.2_vs2017_release\of_v0.11.2_vs2017_release\apps\myapps\drawtri\obj\win32\debug\drawtri.tlog\rc.read.1.tlog
c:\users\pc\desktop\of_v0.11.2_vs2017_release\of_v0.11.2_vs2017_release\apps\myapps\drawtri\obj\win32\debug\drawtri.tlog\rc.write.1.tlog
